Arguments: 
  /usr/local/bin/node /opt/homebrew/Cellar/yarn/1.22.19/libexec/bin/yarn.js

PATH: 
  /Users/eddie/Downloads/apache-maven-3.8.6/bin:/Users/eddie/.jenv/shims:/Users/eddie/.jenv/bin:/Users/eddie/.jenv/shims:/opt/local/bin:/opt/local/sbin:/opt/homebrew/bin:/opt/homebrew/sbin:/usr/local/bin:/usr/bin:/bin:/usr/sbin:/sbin:/Applications/Postgres.app/Contents/Versions/latest/bin

Yarn version: 
  1.22.19

Node version: 
  16.16.0

Platform: 
  darwin arm64

Trace: 
  Error: https://registry.yarnpkg.com/webpack: ESOCKETTIMEDOUT
      at ClientRequest.<anonymous> (/opt/homebrew/Cellar/yarn/1.22.19/libexec/lib/cli.js:141517:19)
      at Object.onceWrapper (node:events:641:28)
      at ClientRequest.emit (node:events:527:28)
      at TLSSocket.emitRequestTimeout (node:_http_client:771:9)
      at Object.onceWrapper (node:events:641:28)
      at TLSSocket.emit (node:events:539:35)
      at TLSSocket.Socket._onTimeout (node:net:516:8)
      at listOnTimeout (node:internal/timers:559:17)
      at processTimers (node:internal/timers:502:7)

npm manifest: 
  {
    "name": "portfolio",
    "version": "1.0.1",
    "private": "true",
    "description": "Portofolio website",
    "main": "index.js",
    "scripts": {
      "start": "webpack serve --config webpack.dev.js --open",
      "build": "webpack --config webpack.prod.js"
    },
   
    "devDependencies": {
      "clean-webpack-plugin": "^3.0.0",
      "css-loader": "^5.2.6",
      "file-loader": "^6.2.0",
      "html-loader": "^2.1.2",
      "html-webpack-plugin": "^5.3.2",
      "mini-css-extract-plugin": "^1.6.1",
      "node-sass": "^6.0.1",
      "optimize-css-assets-webpack-plugin": "^6.0.1",
      "prettier": "^2.3.2",
      "sass-loader": "^12.1.0",
      "style-loader": "^3.0.0",
      "webpack": "^5.40.0",
      "webpack-cli": "^4.7.2",
      "webpack-dev-server": "^3.11.2",
      "webpack-merge": "^5.8.0"
    },
    "dependencies": {
      "@popperjs/core": "^2.9.2",
      "bootstrap": "^5.0.2",
      "jquery": "^3.6.0",
      "popper.js": "^1.16.1",
      "tilt.js": "^1.2.1"
    }
  }

yarn manifest: 
  No manifest

Lockfile: 
  No lockfile
